<?xml version="1.0" encoding="UTF-8"?>
<Site BuildName="(empty)"
	BuildStamp="20250605-1510-Experimental"
	Name="(empty)"
	Generator="ctest-3.30.8"
	CompilerName=""
	CompilerVersion=""
	OSName="Linux"
	Hostname="fedora"
	OSRelease="6.14.6-200.fc41.x86_64"
	OSVersion="#1 SMP PREEMPT_DYNAMIC Fri May  9 19:55:50 UTC 2025"
	OSPlatform="x86_64"
	Is64Bits="1"
	VendorString="GenuineIntel"
	VendorID="Intel Corporation"
	FamilyID="6"
	ModelID="78"
	ProcessorCacheSize="3072"
	NumberOfLogicalCPU="4"
	NumberOfPhysicalCPU="2"
	TotalVirtualMemory="7771"
	TotalPhysicalMemory="7772"
	LogicalProcessorsPerPhysical="2"
	ProcessorClockFrequency="2700"
	>
	<Testing>
		<StartDateTime>Jun 05 19:14 EEST</StartDateTime>
		<StartTestTime>1749140097</StartTestTime>
		<TestList/>
		<EndDateTime>Jun 05 19:14 EEST</EndDateTime>
		<EndTestTime>1749140097</EndTestTime>
		<ElapsedMinutes>0</ElapsedMinutes>
	</Testing>
</Site>
